<?xml version="1.0" encoding="UTF-8"?>
<!-- Generated by org.testng.reporters.JUnitReportReporter -->
<testsuite hostname="LAPTOP-E6GBO1VS" failures="0" tests="1" name="com.src.ContactsTest.AssgnCheckCancelBtn" time="33.171" errors="0" timestamp="2022-02-20T16:54:54 IST" skipped="0">
  <testcase classname="com.src.ContactsTest.AssgnCheckCancelBtn" name="checkCancekBtn" time="33.171"/>
  <system-out/>
</testsuite> <!-- com.src.ContactsTest.AssgnCheckCancelBtn -->
