<?xml version="1.0" encoding="UTF-8"?>
<!-- Generated by org.testng.reporters.JUnitReportReporter -->
<testsuite hostname="LAPTOP-E6GBO1VS" failures="0" tests="1" name="com.crm.ProductTest.AssgCheckSaveButton" time="37.415" errors="0" timestamp="2022-03-04T21:40:58 IST" skipped="0">
  <testcase classname="com.crm.ProductTest.AssgCheckSaveButton" name="createOrnanization" time="37.415"/>
  <system-out/>
</testsuite> <!-- com.crm.ProductTest.AssgCheckSaveButton -->
