<?xml version="1.0" encoding="UTF-8"?>
<!-- Generated by org.testng.reporters.JUnitReportReporter -->
<testsuite hostname="LAPTOP-E6GBO1VS" failures="0" tests="1" name="com.crm.newOrganizationTest.CreateOrganizationWithPropertyFile" time="32.366" errors="0" timestamp="2022-03-04T17:08:44 IST" skipped="0">
  <testcase classname="com.crm.newOrganizationTest.CreateOrganizationWithPropertyFile" name="createOrganizationTest" time="32.366"/>
  <system-out/>
</testsuite> <!-- com.crm.newOrganizationTest.CreateOrganizationWithPropertyFile -->
