<?xml version="1.0" encoding="UTF-8"?>
<!-- Generated by org.testng.reporters.JUnitReportReporter -->
<testsuite hostname="LAPTOP-E6GBO1VS" failures="0" tests="1" name="com.crm.PRATICE.POMPratice" time="19.295" errors="0" timestamp="2022-02-24T10:44:08 IST" skipped="0">
  <testcase classname="com.crm.PRATICE.POMPratice" name="pomPratice" time="19.295"/>
  <system-out/>
</testsuite> <!-- com.crm.PRATICE.POMPratice -->
