<?xml version="1.0" encoding="UTF-8"?>
<!-- Generated by org.testng.reporters.JUnitReportReporter -->
<testsuite hostname="LAPTOP-E6GBO1VS" failures="0" tests="1" name="com.src.ContactsTest.AssgCheckSaveButton" time="37.289" errors="0" timestamp="2022-03-04T22:11:13 IST" skipped="0">
  <testcase classname="com.src.ContactsTest.AssgCheckSaveButton" name="createOrnanization" time="37.289"/>
  <system-out/>
</testsuite> <!-- com.src.ContactsTest.AssgCheckSaveButton -->
