<?xml version="1.0" encoding="UTF-8"?>
<!-- Generated by org.testng.reporters.JUnitReportReporter -->
<testsuite hostname="LAPTOP-E6GBO1VS" failures="0" tests="1" name="com.crm.OrganizationTests.CreateOrgIndustryDropDownTest" time="28.627" errors="0" timestamp="2022-03-03T12:30:18 IST" skipped="0">
  <testcase classname="com.crm.OrganizationTests.CreateOrgIndustryDropDownTest" name="createOrgTest" time="28.627"/>
  <system-out/>
</testsuite> <!-- com.crm.OrganizationTests.CreateOrgIndustryDropDownTest -->
