<?xml version="1.0" encoding="UTF-8"?>
<!-- Generated by org.testng.reporters.JUnitReportReporter -->
<testsuite hostname="LAPTOP-E6GBO1VS" failures="0" tests="4" name="com.crm.PRATICE.PraticeDataProvider" time="0.032" errors="0" timestamp="2022-03-07T22:15:58 IST" skipped="0">
  <testcase classname="com.crm.PRATICE.PraticeDataProvider" name="sampleDataProvider" time="0.002"/>
  <system-out/>
  <testcase classname="com.crm.PRATICE.PraticeDataProvider" name="sampleDataProvider" time="0.010"/>
  <system-out/>
  <testcase classname="com.crm.PRATICE.PraticeDataProvider" name="sampleDataProvider" time="0.002"/>
  <system-out/>
  <testcase classname="com.crm.PRATICE.PraticeDataProvider" name="sampleDataProvider" time="0.018"/>
  <system-out/>
</testsuite> <!-- com.crm.PRATICE.PraticeDataProvider -->
