<?xml version="1.0" encoding="UTF-8"?>
<!-- Generated by org.testng.reporters.JUnitReportReporter -->
<testsuite hostname="LAPTOP-E6GBO1VS" failures="0" tests="1" name="com.crm.OrganizationTests.AssgnCreateOrgnisation" time="24.904" errors="0" timestamp="2022-02-20T15:38:45 IST" skipped="0">
  <testcase classname="com.crm.OrganizationTests.AssgnCreateOrgnisation" name="createOrnanization" time="24.904"/>
  <system-out/>
</testsuite> <!-- com.crm.OrganizationTests.AssgnCreateOrgnisation -->
