<?xml version="1.0" encoding="UTF-8"?>
<!-- Generated by org.testng.reporters.JUnitReportReporter -->
<testsuite hostname="LAPTOP-E6GBO1VS" failures="0" tests="1" name="com.crm.ProductTest.AssgnCreateContact" time="35.067" errors="0" timestamp="2022-02-20T15:47:19 IST" skipped="0">
  <testcase classname="com.crm.ProductTest.AssgnCreateContact" name="createOrnanization" time="35.067"/>
  <system-out/>
</testsuite> <!-- com.crm.ProductTest.AssgnCreateContact -->
