<?xml version="1.0" encoding="UTF-8"?>
<!-- Generated by org.testng.reporters.JUnitReportReporter -->
<testsuite hostname="LAPTOP-E6GBO1VS" failures="0" tests="1" name="com.src.ContactsTest.createContactTest" time="26.066" errors="0" timestamp="2022-03-04T22:47:03 IST" skipped="0">
  <testcase classname="com.src.ContactsTest.createContactTest" name="createContact" time="26.066"/>
  <system-out/>
</testsuite> <!-- com.src.ContactsTest.createContactTest -->
