<?xml version="1.0" encoding="UTF-8"?>
<!-- Generated by org.testng.reporters.JUnitReportReporter -->
<testsuite hostname="LAPTOP-E6GBO1VS" failures="0" tests="6" name="com.crm.PRATICE.PraticeDataProvider2" time="0.052" errors="0" timestamp="2022-02-28T15:48:15 IST" skipped="0">
  <testcase classname="com.crm.PRATICE.PraticeDataProvider2" name="sampleDataProvider" time="0.002"/>
  <system-out/>
  <testcase classname="com.crm.PRATICE.PraticeDataProvider2" name="sampleDataProvider" time="0.008"/>
  <system-out/>
  <testcase classname="com.crm.PRATICE.PraticeDataProvider2" name="sampleDataProvider" time="0.011"/>
  <system-out/>
  <testcase classname="com.crm.PRATICE.PraticeDataProvider2" name="sampleDataProvider" time="0.008"/>
  <system-out/>
  <testcase classname="com.crm.PRATICE.PraticeDataProvider2" name="sampleDataProvider" time="0.011"/>
  <system-out/>
  <testcase classname="com.crm.PRATICE.PraticeDataProvider2" name="sampleDataProvider" time="0.012"/>
  <system-out/>
</testsuite> <!-- com.crm.PRATICE.PraticeDataProvider2 -->
