<?xml version="1.0" encoding="UTF-8"?>
<!-- Generated by org.testng.reporters.JUnitReportReporter -->
<testsuite hostname="LAPTOP-E6GBO1VS" failures="0" tests="1" name="com.crm.ProductTest.createProductTest" time="47.730" errors="0" timestamp="2022-03-04T21:47:31 IST" skipped="0">
  <testcase classname="com.crm.ProductTest.createProductTest" name="createProduct" time="47.730"/>
  <system-out/>
</testsuite> <!-- com.crm.ProductTest.createProductTest -->
