<?xml version="1.0" encoding="UTF-8"?>
<!-- Generated by org.testng.reporters.JUnitReportReporter -->
<testsuite hostname="LAPTOP-E6GBO1VS" failures="0" tests="1" name="com.crm.newContactTest.AssgnCheckCancelBtn" time="21.942" errors="0" timestamp="2022-03-04T22:30:20 IST" skipped="0">
  <testcase classname="com.crm.newContactTest.AssgnCheckCancelBtn" name="checkCancekBtn" time="21.942"/>
  <system-out/>
</testsuite> <!-- com.crm.newContactTest.AssgnCheckCancelBtn -->
