<?xml version="1.0" encoding="UTF-8"?>
<!-- Generated by org.testng.reporters.JUnitReportReporter -->
<testsuite hostname="LAPTOP-E6GBO1VS" failures="0" tests="1" name="com.crm.PRATICE.POMPraticeForHP" time="42.215" errors="0" timestamp="2022-02-26T21:03:10 IST" skipped="0">
  <testcase classname="com.crm.PRATICE.POMPraticeForHP" name="pomPratice" time="42.215"/>
  <system-out/>
</testsuite> <!-- com.crm.PRATICE.POMPraticeForHP -->
