<?xml version="1.0" encoding="UTF-8"?>
<!-- Generated by org.testng.reporters.JUnitReportReporter -->
<testsuite hostname="LAPTOP-E6GBO1VS" failures="0" tests="1" name="CalanderPupUpPratice" time="13.541" errors="0" timestamp="2022-03-09T16:18:17 IST" skipped="0">
  <testcase classname="CalanderPupUpPratice" name="calanderPopUp" time="13.541"/>
  <system-out/>
</testsuite> <!-- CalanderPupUpPratice -->
