<?xml version="1.0" encoding="UTF-8"?>
<!-- Generated by org.testng.reporters.JUnitReportReporter -->
<testsuite hostname="LAPTOP-E6GBO1VS" failures="0" tests="1" name="com.src.ContactsTest.CreateProductWithCampaignTest" time="31.424" errors="0" timestamp="2022-03-04T22:49:02 IST" skipped="0">
  <testcase classname="com.src.ContactsTest.CreateProductWithCampaignTest" name="createContact" time="31.424"/>
  <system-out/>
</testsuite> <!-- com.src.ContactsTest.CreateProductWithCampaignTest -->
