<?xml version="1.0" encoding="UTF-8"?>
<!-- Generated by org.testng.reporters.JUnitReportReporter -->
<testsuite hostname="LAPTOP-E6GBO1VS" failures="0" tests="1" name="com.src.ContactsTest.CreateContactWithOrgTest" time="66.125" errors="0" timestamp="2022-02-22T23:35:19 IST" skipped="0">
  <testcase classname="com.src.ContactsTest.CreateContactWithOrgTest" name="createContact" time="66.125"/>
  <system-out/>
</testsuite> <!-- com.src.ContactsTest.CreateContactWithOrgTest -->
