<?xml version="1.0" encoding="UTF-8"?>
<!-- Generated by org.testng.reporters.JUnitReportReporter -->
<testsuite hostname="LAPTOP-E6GBO1VS" failures="0" tests="1" name="com.crm.PRATICE.POMDelete" time="44.434" errors="0" timestamp="2022-02-24T15:35:24 IST" skipped="0">
  <testcase classname="com.crm.PRATICE.POMDelete" name="creatContact" time="44.434"/>
  <system-out/>
</testsuite> <!-- com.crm.PRATICE.POMDelete -->
