<?xml version="1.0" encoding="UTF-8"?>
<!-- Generated by org.testng.reporters.JUnitReportReporter -->
<testsuite hostname="LAPTOP-E6GBO1VS" failures="0" tests="1" name="com.crm.PRATICE.POMPraticeCreateContact" time="36.262" errors="0" timestamp="2022-02-24T17:16:01 IST" skipped="0">
  <testcase classname="com.crm.PRATICE.POMPraticeCreateContact" name="creatContact" time="36.262"/>
  <system-out/>
</testsuite> <!-- com.crm.PRATICE.POMPraticeCreateContact -->
