<?xml version="1.0" encoding="UTF-8"?>
<!-- Generated by org.testng.reporters.JUnitReportReporter -->
<testsuite hostname="LAPTOP-E6GBO1VS" failures="0" tests="1" name="com.crm.ProductTest.a" time="30.397" errors="0" timestamp="2022-03-04T22:51:23 IST" skipped="0">
  <testcase classname="com.crm.ProductTest.a" name="createContact" time="30.397"/>
  <system-out/>
</testsuite> <!-- com.crm.ProductTest.a -->
