<?xml version="1.0" encoding="UTF-8"?>
<!-- Generated by org.testng.reporters.JUnitReportReporter -->
<testsuite hostname="LAPTOP-E6GBO1VS" failures="0" tests="1" name="com.crm.PRATICE.POMPraticeOrganization" time="65.039" errors="0" timestamp="2022-02-28T17:03:40 IST" skipped="0">
  <testcase classname="com.crm.PRATICE.POMPraticeOrganization" name="organization" time="65.039"/>
  <system-out/>
</testsuite> <!-- com.crm.PRATICE.POMPraticeOrganization -->
