<?xml version="1.0" encoding="UTF-8"?>
<!-- Generated by org.testng.reporters.JUnitReportReporter -->
<testsuite hostname="LAPTOP-E6GBO1VS" failures="0" tests="1" name="com.crm.PRATICE.PropertyFilePratice" time="0.017" errors="0" timestamp="2022-02-16T17:50:14 IST" skipped="0">
  <testcase classname="com.crm.PRATICE.PropertyFilePratice" name="propertyFile" time="0.017"/>
  <system-out/>
</testsuite> <!-- com.crm.PRATICE.PropertyFilePratice -->
