<?xml version="1.0" encoding="UTF-8"?>
<!-- Generated by org.testng.reporters.JUnitReportReporter -->
<testsuite hostname="LAPTOP-E6GBO1VS" failures="0" tests="1" name="com.crm.PRATICE.DataVerificationInDB" time="0.645" errors="0" timestamp="2022-02-16T13:48:19 IST" skipped="0">
  <testcase classname="com.crm.PRATICE.DataVerificationInDB" name="SampleJDBCExecuteQuery" time="0.645"/>
  <system-out/>
</testsuite> <!-- com.crm.PRATICE.DataVerificationInDB -->
