<?xml version="1.0" encoding="UTF-8"?>
<!-- Generated by org.testng.reporters.JUnitReportReporter -->
<testsuite hostname="LAPTOP-E6GBO1VS" failures="0" tests="1" name="com.crm.PRATICE.ReadDataFromXMLfileTest" time="0.014" errors="0" timestamp="2022-02-17T15:26:35 IST" skipped="0">
  <testcase classname="com.crm.PRATICE.ReadDataFromXMLfileTest" name="readDataFromXML" time="0.014"/>
  <system-out/>
</testsuite> <!-- com.crm.PRATICE.ReadDataFromXMLfileTest -->
