<?xml version="1.0" encoding="UTF-8"?>
<!-- Generated by org.testng.reporters.JUnitReportReporter -->
<testsuite hostname="LAPTOP-E6GBO1VS" failures="0" tests="1" name="PraticeDebug.praticeDebugging" time="0.036" errors="0" timestamp="2022-03-18T12:17:10 IST" skipped="0">
  <testcase classname="PraticeDebug.praticeDebugging" name="debugIt" time="0.036"/>
  <system-out/>
</testsuite> <!-- PraticeDebug.praticeDebugging -->
