<?xml version="1.0" encoding="UTF-8"?>
<!-- Generated by org.testng.reporters.JUnitReportReporter -->
<testsuite hostname="LAPTOP-E6GBO1VS" failures="0" tests="1" name="com.crm.newContactTest.createContactWithSaveButtonVerify" time="37.803" errors="0" timestamp="2022-03-04T22:10:10 IST" skipped="0">
  <testcase classname="com.crm.newContactTest.createContactWithSaveButtonVerify" name="createOrnanization" time="37.803"/>
  <system-out/>
</testsuite> <!-- com.crm.newContactTest.createContactWithSaveButtonVerify -->
