<?xml version="1.0" encoding="UTF-8"?>
<!-- Generated by org.testng.reporters.JUnitReportReporter -->
<testsuite hostname="LAPTOP-E6GBO1VS" failures="0" tests="1" name="com.crm.PRATICE.WriteDataIntoExcelSheet" time="1.042" errors="0" timestamp="2022-02-17T21:09:56 IST" skipped="0">
  <testcase classname="com.crm.PRATICE.WriteDataIntoExcelSheet" name="writeDataInExcel" time="1.042"/>
  <system-out/>
</testsuite> <!-- com.crm.PRATICE.WriteDataIntoExcelSheet -->
