<?xml version="1.0" encoding="UTF-8"?>
<!-- Generated by org.testng.reporters.JUnitReportReporter -->
<testsuite hostname="LAPTOP-E6GBO1VS" failures="0" tests="1" name="com.crm.newOrganizationTest.CreateOrganizationTest" time="27.415" errors="0" timestamp="2022-03-04T17:00:43 IST" skipped="0">
  <testcase classname="com.crm.newOrganizationTest.CreateOrganizationTest" name="createOrganization" time="27.415"/>
  <system-out/>
</testsuite> <!-- com.crm.newOrganizationTest.CreateOrganizationTest -->
