<?xml version="1.0" encoding="UTF-8"?>
<!-- Generated by org.testng.reporters.JUnitReportReporter -->
<testsuite hostname="LAPTOP-E6GBO1VS" failures="0" tests="1" name="com.crm.OrganizationTests.CreateOrgIndusTest" time="36.969" errors="0" timestamp="2022-02-18T09:51:12 IST" skipped="0">
  <testcase classname="com.crm.OrganizationTests.CreateOrgIndusTest" name="createOrgTest" time="36.969"/>
  <system-out/>
</testsuite> <!-- com.crm.OrganizationTests.CreateOrgIndusTest -->
