<?xml version="1.0" encoding="UTF-8"?>
<!-- Generated by org.testng.reporters.JUnitReportReporter -->
<testsuite hostname="LAPTOP-E6GBO1VS" failures="0" tests="1" name="com.crm.ProductTest.createProductWithCampaignTest" time="90.144" errors="0" timestamp="2022-03-04T21:55:54 IST" skipped="0">
  <testcase classname="com.crm.ProductTest.createProductWithCampaignTest" name="createProduct" time="90.144"/>
  <system-out/>
</testsuite> <!-- com.crm.ProductTest.createProductWithCampaignTest -->
