<?xml version="1.0" encoding="UTF-8"?>
<!-- Generated by org.testng.reporters.JUnitReportReporter -->
<testsuite hostname="LAPTOP-E6GBO1VS" failures="0" tests="1" name="com.crm.PRATICE.SampleJDBCExecuteUpdate" time="0.467" errors="0" timestamp="2022-02-16T13:18:35 IST" skipped="0">
  <testcase classname="com.crm.PRATICE.SampleJDBCExecuteUpdate" name="sampleJDBCExecuteUpdate" time="0.467"/>
  <system-out/>
</testsuite> <!-- com.crm.PRATICE.SampleJDBCExecuteUpdate -->
