<?xml version="1.0" encoding="UTF-8"?>
<!-- Generated by org.testng.reporters.JUnitReportReporter -->
<testsuite hostname="LAPTOP-E6GBO1VS" failures="0" tests="7" name="com.crm.createOrgWithMultipleTestData" time="68.663" errors="0" timestamp="2022-03-08T00:13:47 IST" skipped="0">
  <testcase classname="com.crm.createOrgWithMultipleTestData" name="createOrgWithMultipleData" time="9.350"/>
  <system-out/>
  <testcase classname="com.crm.createOrgWithMultipleTestData" name="createOrgWithMultipleData" time="9.533"/>
  <system-out/>
  <testcase classname="com.crm.createOrgWithMultipleTestData" name="createOrgWithMultipleData" time="9.986"/>
  <system-out/>
  <testcase classname="com.crm.createOrgWithMultipleTestData" name="createOrgWithMultipleData" time="10.991"/>
  <system-out/>
  <testcase classname="com.crm.createOrgWithMultipleTestData" name="createOrgWithMultipleData" time="9.352"/>
  <system-out/>
  <testcase classname="com.crm.createOrgWithMultipleTestData" name="createOrgWithMultipleData" time="9.268"/>
  <system-out/>
  <testcase classname="com.crm.createOrgWithMultipleTestData" name="createOrgWithMultipleData" time="10.183"/>
  <system-out/>
</testsuite> <!-- com.crm.createOrgWithMultipleTestData -->
