<?xml version="1.0" encoding="UTF-8"?>
<!-- Generated by org.testng.reporters.JUnitReportReporter -->
<testsuite hostname="LAPTOP-E6GBO1VS" failures="0" tests="1" name="GenericLibrary.praticeGeneric" time="0.046" errors="0" timestamp="2022-02-21T13:53:07 IST" skipped="0">
  <testcase classname="GenericLibrary.praticeGeneric" name="pratice" time="0.046"/>
  <system-out/>
</testsuite> <!-- GenericLibrary.praticeGeneric -->
