<?xml version="1.0" encoding="UTF-8"?>
<!-- Generated by org.testng.reporters.JUnitReportReporter -->
<testsuite hostname="LAPTOP-E6GBO1VS" failures="0" tests="1" name="com.crm.OrganizationTests.CreateOrganizationWithPropertyFile" time="29.748" errors="0" timestamp="2022-03-02T11:37:10 IST" skipped="0">
  <testcase classname="com.crm.OrganizationTests.CreateOrganizationWithPropertyFile" name="createOrganizationTest" time="29.748"/>
  <system-out/>
</testsuite> <!-- com.crm.OrganizationTests.CreateOrganizationWithPropertyFile -->
