<?xml version="1.0" encoding="UTF-8"?>
<!-- Generated by org.testng.reporters.JUnitReportReporter -->
<testsuite hostname="LAPTOP-E6GBO1VS" failures="0" tests="1" name="com.crm.PRATICE.PraticePom" time="26.520" errors="0" timestamp="2022-02-23T17:37:37 IST" skipped="0">
  <testcase classname="com.crm.PRATICE.PraticePom" name="pomPratice" time="26.520"/>
  <system-out/>
</testsuite> <!-- com.crm.PRATICE.PraticePom -->
