<?xml version="1.0" encoding="UTF-8"?>
<!-- Generated by org.testng.reporters.JUnitReportReporter -->
<testsuite hostname="LAPTOP-E6GBO1VS" failures="0" tests="1" name="com.src.ContactsTest.MavenCreateProductWithCampaignTest" time="33.218" errors="0" timestamp="2022-03-04T22:52:58 IST" skipped="0">
  <testcase classname="com.src.ContactsTest.MavenCreateProductWithCampaignTest" name="CreateContactWithOrg" time="33.218"/>
  <system-out/>
</testsuite> <!-- com.src.ContactsTest.MavenCreateProductWithCampaignTest -->
