<?xml version="1.0" encoding="UTF-8"?>
<!-- Generated by org.testng.reporters.JUnitReportReporter -->
<testsuite hostname="LAPTOP-E6GBO1VS" failures="0" tests="1" name="com.crm.PRATICE.ReadDataFromExcelSheetTest" time="1.271" errors="0" timestamp="2022-02-17T16:54:29 IST" skipped="0">
  <testcase classname="com.crm.PRATICE.ReadDataFromExcelSheetTest" name="readDataFromExcel" time="1.271"/>
  <system-out/>
</testsuite> <!-- com.crm.PRATICE.ReadDataFromExcelSheetTest -->
